<?xml version="1.0" encoding="UTF-8"?>
<!-- Generated by org.testng.reporters.JUnitReportReporter -->
<testsuite skipped="0" hostname="DESKTOP-IVI6RSL" name="com.crm.testCases.CRMLoginTest" tests="2" failures="0" timestamp="30 May 2019 07:22:26 GMT" time="24.356" errors="0">
  <testcase name="addPeopleTest" time="13.555" classname="com.crm.testCases.CRMLoginTest"/>
  <testcase name="addCasesTest" time="10.801" classname="com.crm.testCases.CRMLoginTest"/>
</testsuite> <!-- com.crm.testCases.CRMLoginTest -->
