<?xml version="1.0" encoding="UTF-8"?>
<!-- Generated by org.testng.reporters.JUnitReportReporter -->
<testsuite skipped="0" hostname="DESKTOP-IVI6RSL" name="Test1" tests="1" failures="0" timestamp="28 May 2019 01:46:28 GMT" time="4.841" errors="0">
  <testcase name="loginCRM" time="4.841" classname="Test1"/>
</testsuite> <!-- Test1 -->
